<?xml version="1.0" encoding="UTF-8"?>
<!-- Generated by org.testng.reporters.JUnitXMLReporter -->
<testsuite ignored="2" hostname="A-ABDELSATAR" failures="0" tests="2" name="Testonchrome" time="53.425" errors="0" timestamp="2024-03-20T17:38:50 EET">
  <testcase classname="testCases.CoursesPageTest" name="addCourseToSystem" time="21.772"/>
  <testcase classname="testCases.CoursesPageTest" name="searchAbboutAddedUser" time="14.522"/>
  <testcase classname="testCases.LoginPageTest" name="loginActionPerform" time="0.0">
    <ignored/>
  </testcase> <!-- loginActionPerform -->
  <testcase classname="testCases.DashboardPageTest" name="get_UrlandTitledashboardPage" time="0.0">
    <ignored/>
  </testcase> <!-- get_UrlandTitledashboardPage -->
</testsuite> <!-- Testonchrome -->
